2022-06-14 11:05:05.076 [main] INFO  com.lianzheng.h5.H5Application - Starting H5Application using Java 1.8.0_301 on DESKTOP-R7KS5QR with PID 19156 (C:\Users\86139\IdeaProjects\policy_certificate_service_new\com.lianzheng.h5\target\classes started by 86139 in C:\Users\86139\IdeaProjects\policy_certificate_service_new)
2022-06-14 11:05:05.086 [main] INFO  com.lianzheng.h5.H5Application - The following profiles are active: dev
2022-06-14 11:05:06.302 [main] INFO  o.s.d.r.config.RepositoryConfigurationDelegate - Multiple Spring Data modules found, entering strict repository configuration mode!
2022-06-14 11:05:06.304 [main] INFO  o.s.d.r.config.RepositoryConfigurationDelegate - Bootstrapping Spring Data Redis repositories in DEFAULT mode.
2022-06-14 11:05:06.364 [main] INFO  o.s.d.r.config.RepositoryConfigurationDelegate - Finished Spring Data repository scanning in 46 ms. Found 0 Redis repository interfaces.
2022-06-14 11:05:06.900 [main] INFO  o.s.c.s.PostProcessorRegistrationDelegate$BeanPostProcessorChecker - Bean 'spring.datasource.dynamic-com.baomidou.dynamic.datasource.spring.boot.autoconfigure.DynamicDataSourceProperties' of type [com.baomidou.dynamic.datasource.spring.boot.autoconfigure.DynamicDataSourceProperties] is not eligible for getting processed by all BeanPostProcessors (for example: not eligible for auto-proxying)
2022-06-14 11:05:06.912 [main] INFO  o.s.c.s.PostProcessorRegistrationDelegate$BeanPostProcessorChecker - Bean 'com.baomidou.dynamic.datasource.spring.boot.autoconfigure.DynamicDataSourceAutoConfiguration' of type [com.baomidou.dynamic.datasource.spring.boot.autoconfigure.DynamicDataSourceAutoConfiguration$$EnhancerBySpringCGLIB$$31565d3c] is not eligible for getting processed by all BeanPostProcessors (for example: not eligible for auto-proxying)
2022-06-14 11:05:06.936 [main] INFO  o.s.c.s.PostProcessorRegistrationDelegate$BeanPostProcessorChecker - Bean 'dsProcessor' of type [com.baomidou.dynamic.datasource.processor.DsHeaderProcessor] is not eligible for getting processed by all BeanPostProcessors (for example: not eligible for auto-proxying)
2022-06-14 11:05:07.340 [main] INFO  o.s.boot.web.embedded.tomcat.TomcatWebServer - Tomcat initialized with port(s): 9001 (http)
2022-06-14 11:05:07.351 [main] INFO  org.apache.catalina.core.StandardService - Starting service [Tomcat]
2022-06-14 11:05:07.351 [main] INFO  org.apache.catalina.core.StandardEngine - Starting Servlet engine: [Apache Tomcat/9.0.52]
2022-06-14 11:05:07.502 [main] INFO  o.a.c.c.C.[Tomcat].[localhost].[/notarization] - Initializing Spring embedded WebApplicationContext
2022-06-14 11:05:07.502 [main] INFO  o.s.b.w.s.c.ServletWebServerApplicationContext - Root WebApplicationContext: initialization completed in 2351 ms
2022-06-14 11:05:07.677 [main] WARN  o.s.b.w.s.c.AnnotationConfigServletWebServerApplicationContext - Exception encountered during context initialization - cancelling refresh attempt: org.springframework.beans.factory.UnsatisfiedDependencyException: Error creating bean with name 'redisHelper': Unsatisfied dependency expressed through field 'stringRedisTemplate'; nested exception is org.springframework.beans.factory.UnsatisfiedDependencyException: Error creating bean with name 'stringRedisTemplate' defined in class path resource [org/springframework/boot/autoconfigure/data/redis/RedisAutoConfiguration.class]: Unsatisfied dependency expressed through method 'stringRedisTemplate' parameter 0; nested exception is org.springframework.beans.factory.BeanCreationException: Error creating bean with name 'redisConnectionFactory' defined in class path resource [org/springframework/boot/autoconfigure/data/redis/LettuceConnectionConfiguration.class]: Bean instantiation via factory method failed; nested exception is org.springframework.beans.BeanInstantiationException: Failed to instantiate [org.springframework.data.redis.connection.lettuce.LettuceConnectionFactory]: Factory method 'redisConnectionFactory' threw exception; nested exception is java.lang.NoClassDefFoundError: org/apache/commons/pool2/impl/GenericObjectPoolConfig
2022-06-14 11:05:07.684 [main] INFO  org.apache.catalina.core.StandardService - Stopping service [Tomcat]
2022-06-14 11:05:07.695 [main] INFO  o.s.b.a.l.ConditionEvaluationReportLoggingListener - 

Error starting ApplicationContext. To display the conditions report re-run your application with 'debug' enabled.
2022-06-14 11:05:07.716 [main] ERROR org.springframework.boot.SpringApplication - Application run failed
org.springframework.beans.factory.UnsatisfiedDependencyException: Error creating bean with name 'redisHelper': Unsatisfied dependency expressed through field 'stringRedisTemplate'; nested exception is org.springframework.beans.factory.UnsatisfiedDependencyException: Error creating bean with name 'stringRedisTemplate' defined in class path resource [org/springframework/boot/autoconfigure/data/redis/RedisAutoConfiguration.class]: Unsatisfied dependency expressed through method 'stringRedisTemplate' parameter 0; nested exception is org.springframework.beans.factory.BeanCreationException: Error creating bean with name 'redisConnectionFactory' defined in class path resource [org/springframework/boot/autoconfigure/data/redis/LettuceConnectionConfiguration.class]: Bean instantiation via factory method failed; nested exception is org.springframework.beans.BeanInstantiationException: Failed to instantiate [org.springframework.data.redis.connection.lettuce.LettuceConnectionFactory]: Factory method 'redisConnectionFactory' threw exception; nested exception is java.lang.NoClassDefFoundError: org/apache/commons/pool2/impl/GenericObjectPoolConfig
	at org.springframework.beans.factory.annotation.AutowiredAnnotationBeanPostProcessor$AutowiredFieldElement.resolveFieldValue(AutowiredAnnotationBeanPostProcessor.java:660)
	at org.springframework.beans.factory.annotation.AutowiredAnnotationBeanPostProcessor$AutowiredFieldElement.inject(AutowiredAnnotationBeanPostProcessor.java:640)
	at org.springframework.beans.factory.annotation.InjectionMetadata.inject(InjectionMetadata.java:119)
	at org.springframework.beans.factory.annotation.AutowiredAnnotationBeanPostProcessor.postProcessProperties(AutowiredAnnotationBeanPostProcessor.java:399)
	at org.springframework.beans.factory.support.AbstractAutowireCapableBeanFactory.populateBean(AbstractAutowireCapableBeanFactory.java:1413)
	at org.springframework.beans.factory.support.AbstractAutowireCapableBeanFactory.doCreateBean(AbstractAutowireCapableBeanFactory.java:601)
	at org.springframework.beans.factory.support.AbstractAutowireCapableBeanFactory.createBean(AbstractAutowireCapableBeanFactory.java:524)
	at org.springframework.beans.factory.support.AbstractBeanFactory.lambda$doGetBean$0(AbstractBeanFactory.java:335)
	at org.springframework.beans.factory.support.DefaultSingletonBeanRegistry.getSingleton(DefaultSingletonBeanRegistry.java:234)
	at org.springframework.beans.factory.support.AbstractBeanFactory.doGetBean(AbstractBeanFactory.java:333)
	at org.springframework.beans.factory.support.AbstractBeanFactory.getBean(AbstractBeanFactory.java:208)
	at org.springframework.beans.factory.support.DefaultListableBeanFactory.preInstantiateSingletons(DefaultListableBeanFactory.java:944)
	at org.springframework.context.support.AbstractApplicationContext.finishBeanFactoryInitialization(AbstractApplicationContext.java:918)
	at org.springframework.context.support.AbstractApplicationContext.refresh(AbstractApplicationContext.java:583)
	at org.springframework.boot.web.servlet.context.ServletWebServerApplicationContext.refresh(ServletWebServerApplicationContext.java:145)
	at org.springframework.boot.SpringApplication.refresh(SpringApplication.java:754)
	at org.springframework.boot.SpringApplication.refreshContext(SpringApplication.java:434)
	at org.springframework.boot.SpringApplication.run(SpringApplication.java:338)
	at org.springframework.boot.SpringApplication.run(SpringApplication.java:1343)
	at org.springframework.boot.SpringApplication.run(SpringApplication.java:1332)
	at com.lianzheng.h5.H5Application.main(H5Application.java:20)
Caused by: org.springframework.beans.factory.UnsatisfiedDependencyException: Error creating bean with name 'stringRedisTemplate' defined in class path resource [org/springframework/boot/autoconfigure/data/redis/RedisAutoConfiguration.class]: Unsatisfied dependency expressed through method 'stringRedisTemplate' parameter 0; nested exception is org.springframework.beans.factory.BeanCreationException: Error creating bean with name 'redisConnectionFactory' defined in class path resource [org/springframework/boot/autoconfigure/data/redis/LettuceConnectionConfiguration.class]: Bean instantiation via factory method failed; nested exception is org.springframework.beans.BeanInstantiationException: Failed to instantiate [org.springframework.data.redis.connection.lettuce.LettuceConnectionFactory]: Factory method 'redisConnectionFactory' threw exception; nested exception is java.lang.NoClassDefFoundError: org/apache/commons/pool2/impl/GenericObjectPoolConfig
	at org.springframework.beans.factory.support.ConstructorResolver.createArgumentArray(ConstructorResolver.java:800)
	at org.springframework.beans.factory.support.ConstructorResolver.instantiateUsingFactoryMethod(ConstructorResolver.java:541)
	at org.springframework.beans.factory.support.AbstractAutowireCapableBeanFactory.instantiateUsingFactoryMethod(AbstractAutowireCapableBeanFactory.java:1334)
	at org.springframework.beans.factory.support.AbstractAutowireCapableBeanFactory.createBeanInstance(AbstractAutowireCapableBeanFactory.java:1177)
	at org.springframework.beans.factory.support.AbstractAutowireCapableBeanFactory.doCreateBean(AbstractAutowireCapableBeanFactory.java:564)
	at org.springframework.beans.factory.support.AbstractAutowireCapableBeanFactory.createBean(AbstractAutowireCapableBeanFactory.java:524)
	at org.springframework.beans.factory.support.AbstractBeanFactory.lambda$doGetBean$0(AbstractBeanFactory.java:335)
	at org.springframework.beans.factory.support.DefaultSingletonBeanRegistry.getSingleton(DefaultSingletonBeanRegistry.java:234)
	at org.springframework.beans.factory.support.AbstractBeanFactory.doGetBean(AbstractBeanFactory.java:333)
	at org.springframework.beans.factory.support.AbstractBeanFactory.getBean(AbstractBeanFactory.java:208)
	at org.springframework.beans.factory.config.DependencyDescriptor.resolveCandidate(DependencyDescriptor.java:276)
	at org.springframework.beans.factory.support.DefaultListableBeanFactory.doResolveDependency(DefaultListableBeanFactory.java:1380)
	at org.springframework.beans.factory.support.DefaultListableBeanFactory.resolveDependency(DefaultListableBeanFactory.java:1300)
	at org.springframework.beans.factory.annotation.AutowiredAnnotationBeanPostProcessor$AutowiredFieldElement.resolveFieldValue(AutowiredAnnotationBeanPostProcessor.java:657)
	... 20 common frames omitted
Caused by: org.springframework.beans.factory.BeanCreationException: Error creating bean with name 'redisConnectionFactory' defined in class path resource [org/springframework/boot/autoconfigure/data/redis/LettuceConnectionConfiguration.class]: Bean instantiation via factory method failed; nested exception is org.springframework.beans.BeanInstantiationException: Failed to instantiate [org.springframework.data.redis.connection.lettuce.LettuceConnectionFactory]: Factory method 'redisConnectionFactory' threw exception; nested exception is java.lang.NoClassDefFoundError: org/apache/commons/pool2/impl/GenericObjectPoolConfig
	at org.springframework.beans.factory.support.ConstructorResolver.instantiate(ConstructorResolver.java:658)
	at org.springframework.beans.factory.support.ConstructorResolver.instantiateUsingFactoryMethod(ConstructorResolver.java:638)
	at org.springframework.beans.factory.support.AbstractAutowireCapableBeanFactory.instantiateUsingFactoryMethod(AbstractAutowireCapableBeanFactory.java:1334)
	at org.springframework.beans.factory.support.AbstractAutowireCapableBeanFactory.createBeanInstance(AbstractAutowireCapableBeanFactory.java:1177)
	at org.springframework.beans.factory.support.AbstractAutowireCapableBeanFactory.doCreateBean(AbstractAutowireCapableBeanFactory.java:564)
	at org.springframework.beans.factory.support.AbstractAutowireCapableBeanFactory.createBean(AbstractAutowireCapableBeanFactory.java:524)
	at org.springframework.beans.factory.support.AbstractBeanFactory.lambda$doGetBean$0(AbstractBeanFactory.java:335)
	at org.springframework.beans.factory.support.DefaultSingletonBeanRegistry.getSingleton(DefaultSingletonBeanRegistry.java:234)
	at org.springframework.beans.factory.support.AbstractBeanFactory.doGetBean(AbstractBeanFactory.java:333)
	at org.springframework.beans.factory.support.AbstractBeanFactory.getBean(AbstractBeanFactory.java:208)
	at org.springframework.beans.factory.config.DependencyDescriptor.resolveCandidate(DependencyDescriptor.java:276)
	at org.springframework.beans.factory.support.DefaultListableBeanFactory.doResolveDependency(DefaultListableBeanFactory.java:1380)
	at org.springframework.beans.factory.support.DefaultListableBeanFactory.resolveDependency(DefaultListableBeanFactory.java:1300)
	at org.springframework.beans.factory.support.ConstructorResolver.resolveAutowiredArgument(ConstructorResolver.java:887)
	at org.springframework.beans.factory.support.ConstructorResolver.createArgumentArray(ConstructorResolver.java:791)
	... 33 common frames omitted
Caused by: org.springframework.beans.BeanInstantiationException: Failed to instantiate [org.springframework.data.redis.connection.lettuce.LettuceConnectionFactory]: Factory method 'redisConnectionFactory' threw exception; nested exception is java.lang.NoClassDefFoundError: org/apache/commons/pool2/impl/GenericObjectPoolConfig
	at org.springframework.beans.factory.support.SimpleInstantiationStrategy.instantiate(SimpleInstantiationStrategy.java:185)
	at org.springframework.beans.factory.support.ConstructorResolver.instantiate(ConstructorResolver.java:653)
	... 47 common frames omitted
Caused by: java.lang.NoClassDefFoundError: org/apache/commons/pool2/impl/GenericObjectPoolConfig
	at org.springframework.data.redis.connection.lettuce.LettucePoolingClientConfiguration$LettucePoolingClientConfigurationBuilder.<init>(LettucePoolingClientConfiguration.java:94)
	at org.springframework.data.redis.connection.lettuce.LettucePoolingClientConfiguration.builder(LettucePoolingClientConfiguration.java:51)
	at org.springframework.boot.autoconfigure.data.redis.LettuceConnectionConfiguration$PoolBuilderFactory.createBuilder(LettuceConnectionConfiguration.java:172)
	at org.springframework.boot.autoconfigure.data.redis.LettuceConnectionConfiguration.createBuilder(LettuceConnectionConfiguration.java:110)
	at org.springframework.boot.autoconfigure.data.redis.LettuceConnectionConfiguration.getLettuceClientConfiguration(LettuceConnectionConfiguration.java:95)
	at org.springframework.boot.autoconfigure.data.redis.LettuceConnectionConfiguration.redisConnectionFactory(LettuceConnectionConfiguration.java:77)
	at sun.reflect.NativeMethodAccessorImpl.invoke0(Native Method)
	at sun.reflect.NativeMethodAccessorImpl.invoke(NativeMethodAccessorImpl.java:62)
	at sun.reflect.DelegatingMethodAccessorImpl.invoke(DelegatingMethodAccessorImpl.java:43)
	at java.lang.reflect.Method.invoke(Method.java:498)
	at org.springframework.beans.factory.support.SimpleInstantiationStrategy.instantiate(SimpleInstantiationStrategy.java:154)
	... 48 common frames omitted
Caused by: java.lang.ClassNotFoundException: org.apache.commons.pool2.impl.GenericObjectPoolConfig
	at java.net.URLClassLoader.findClass(URLClassLoader.java:382)
	at java.lang.ClassLoader.loadClass(ClassLoader.java:418)
	at sun.misc.Launcher$AppClassLoader.loadClass(Launcher.java:355)
	at java.lang.ClassLoader.loadClass(ClassLoader.java:351)
	... 59 common frames omitted
2022-06-14 11:05:16.887  INFO 12328 --- [main] com.lianzheng.h5.H5Application           : Starting H5Application using Java 1.8.0_301 on DESKTOP-R7KS5QR with PID 12328 (C:\Users\86139\IdeaProjects\policy_certificate_service_new\com.lianzheng.h5\target\classes started by 86139 in C:\Users\86139\IdeaProjects\policy_certificate_service_new)
2022-06-14 11:05:16.899  INFO 12328 --- [main] com.lianzheng.h5.H5Application           : The following profiles are active: dev
2022-06-14 11:05:18.273  INFO 12328 --- [main] .s.d.r.c.RepositoryConfigurationDelegate : Multiple Spring Data modules found, entering strict repository configuration mode!
2022-06-14 11:05:18.275  INFO 12328 --- [main] .s.d.r.c.RepositoryConfigurationDelegate : Bootstrapping Spring Data Redis repositories in DEFAULT mode.
2022-06-14 11:05:18.341  INFO 12328 --- [main] .s.d.r.c.RepositoryConfigurationDelegate : Finished Spring Data repository scanning in 51 ms. Found 0 Redis repository interfaces.
2022-06-14 11:05:18.872  INFO 12328 --- [main] trationDelegate$BeanPostProcessorChecker : Bean 'spring.datasource.dynamic-com.baomidou.dynamic.datasource.spring.boot.autoconfigure.DynamicDataSourceProperties' of type [com.baomidou.dynamic.datasource.spring.boot.autoconfigure.DynamicDataSourceProperties] is not eligible for getting processed by all BeanPostProcessors (for example: not eligible for auto-proxying)
2022-06-14 11:05:18.880  INFO 12328 --- [main] trationDelegate$BeanPostProcessorChecker : Bean 'com.baomidou.dynamic.datasource.spring.boot.autoconfigure.DynamicDataSourceAutoConfiguration' of type [com.baomidou.dynamic.datasource.spring.boot.autoconfigure.DynamicDataSourceAutoConfiguration$$EnhancerBySpringCGLIB$$f5403ced] is not eligible for getting processed by all BeanPostProcessors (for example: not eligible for auto-proxying)
2022-06-14 11:05:18.898  INFO 12328 --- [main] trationDelegate$BeanPostProcessorChecker : Bean 'dsProcessor' of type [com.baomidou.dynamic.datasource.processor.DsHeaderProcessor] is not eligible for getting processed by all BeanPostProcessors (for example: not eligible for auto-proxying)
2022-06-14 11:05:19.257  INFO 12328 --- [main] o.s.b.w.embedded.tomcat.TomcatWebServer  : Tomcat initialized with port(s): 8088 (http)
2022-06-14 11:05:19.268  INFO 12328 --- [main] o.apache.catalina.core.StandardService   : Starting service [Tomcat]
2022-06-14 11:05:19.268  INFO 12328 --- [main] org.apache.catalina.core.StandardEngine  : Starting Servlet engine: [Apache Tomcat/9.0.52]
2022-06-14 11:05:19.420  INFO 12328 --- [main] o.a.c.c.C.[Tomcat].[localhost].[/ksh5]   : Initializing Spring embedded WebApplicationContext
2022-06-14 11:05:19.420  INFO 12328 --- [main] w.s.c.ServletWebServerApplicationContext : Root WebApplicationContext: initialization completed in 2431 ms
2022-06-14 11:05:19.856  INFO 12328 --- [main] com.zaxxer.hikari.HikariDataSource       : h5 - Starting...
2022-06-14 11:05:19.993  INFO 12328 --- [main] com.zaxxer.hikari.HikariDataSource       : h5 - Start completed.
2022-06-14 11:05:19.993  INFO 12328 --- [main] com.zaxxer.hikari.HikariDataSource       : mgmt - Starting...
2022-06-14 11:05:20.017  INFO 12328 --- [main] com.zaxxer.hikari.HikariDataSource       : mgmt - Start completed.
2022-06-14 11:05:20.017  INFO 12328 --- [main] c.b.d.d.DynamicRoutingDataSource         : dynamic-datasource - add a datasource named [h5] success
2022-06-14 11:05:20.018  INFO 12328 --- [main] c.b.d.d.DynamicRoutingDataSource         : dynamic-datasource - add a datasource named [mgmt] success
2022-06-14 11:05:20.018  INFO 12328 --- [main] c.b.d.d.DynamicRoutingDataSource         : dynamic-datasource initial loaded [2] datasource,primary datasource named [h5]
2022-06-14 11:05:22.792  INFO 12328 --- [main] o.s.b.w.embedded.tomcat.TomcatWebServer  : Tomcat started on port(s): 8088 (http) with context path '/ksh5'
2022-06-14 11:05:23.032  INFO 12328 --- [main] com.lianzheng.h5.H5Application           : Started H5Application in 7.426 seconds (JVM running for 9.241)
2022-06-14 11:05:55.743  INFO 15096 --- [main] com.lianzheng.h5.H5Application           : Starting H5Application using Java 1.8.0_301 on DESKTOP-R7KS5QR with PID 15096 (C:\Users\86139\IdeaProjects\policy_certificate_service_new\com.lianzheng.h5\target\classes started by 86139 in C:\Users\86139\IdeaProjects\policy_certificate_service_new)
2022-06-14 11:05:55.751  INFO 15096 --- [main] com.lianzheng.h5.H5Application           : The following profiles are active: dev
2022-06-14 11:05:56.853  INFO 15096 --- [main] .s.d.r.c.RepositoryConfigurationDelegate : Multiple Spring Data modules found, entering strict repository configuration mode!
2022-06-14 11:05:56.857  INFO 15096 --- [main] .s.d.r.c.RepositoryConfigurationDelegate : Bootstrapping Spring Data Redis repositories in DEFAULT mode.
2022-06-14 11:05:56.912  INFO 15096 --- [main] .s.d.r.c.RepositoryConfigurationDelegate : Finished Spring Data repository scanning in 45 ms. Found 0 Redis repository interfaces.
2022-06-14 11:05:57.416  INFO 15096 --- [main] trationDelegate$BeanPostProcessorChecker : Bean 'spring.datasource.dynamic-com.baomidou.dynamic.datasource.spring.boot.autoconfigure.DynamicDataSourceProperties' of type [com.baomidou.dynamic.datasource.spring.boot.autoconfigure.DynamicDataSourceProperties] is not eligible for getting processed by all BeanPostProcessors (for example: not eligible for auto-proxying)
2022-06-14 11:05:57.424  INFO 15096 --- [main] trationDelegate$BeanPostProcessorChecker : Bean 'com.baomidou.dynamic.datasource.spring.boot.autoconfigure.DynamicDataSourceAutoConfiguration' of type [com.baomidou.dynamic.datasource.spring.boot.autoconfigure.DynamicDataSourceAutoConfiguration$$EnhancerBySpringCGLIB$$d7d576df] is not eligible for getting processed by all BeanPostProcessors (for example: not eligible for auto-proxying)
2022-06-14 11:05:57.441  INFO 15096 --- [main] trationDelegate$BeanPostProcessorChecker : Bean 'dsProcessor' of type [com.baomidou.dynamic.datasource.processor.DsHeaderProcessor] is not eligible for getting processed by all BeanPostProcessors (for example: not eligible for auto-proxying)
2022-06-14 11:05:57.761  INFO 15096 --- [main] o.s.b.w.embedded.tomcat.TomcatWebServer  : Tomcat initialized with port(s): 8088 (http)
2022-06-14 11:05:57.801  INFO 15096 --- [main] o.apache.catalina.core.StandardService   : Starting service [Tomcat]
2022-06-14 11:05:57.801  INFO 15096 --- [main] org.apache.catalina.core.StandardEngine  : Starting Servlet engine: [Apache Tomcat/9.0.52]
2022-06-14 11:05:57.952  INFO 15096 --- [main] o.a.c.c.C.[Tomcat].[localhost].[/ksh5]   : Initializing Spring embedded WebApplicationContext
2022-06-14 11:05:57.953  INFO 15096 --- [main] w.s.c.ServletWebServerApplicationContext : Root WebApplicationContext: initialization completed in 2141 ms
2022-06-14 11:05:58.370  INFO 15096 --- [main] com.zaxxer.hikari.HikariDataSource       : h5 - Starting...
2022-06-14 11:05:58.472  INFO 15096 --- [main] com.zaxxer.hikari.HikariDataSource       : h5 - Start completed.
2022-06-14 11:05:58.473  INFO 15096 --- [main] com.zaxxer.hikari.HikariDataSource       : mgmt - Starting...
2022-06-14 11:05:58.481  INFO 15096 --- [main] com.zaxxer.hikari.HikariDataSource       : mgmt - Start completed.
2022-06-14 11:05:58.481  INFO 15096 --- [main] c.b.d.d.DynamicRoutingDataSource         : dynamic-datasource - add a datasource named [h5] success
2022-06-14 11:05:58.481  INFO 15096 --- [main] c.b.d.d.DynamicRoutingDataSource         : dynamic-datasource - add a datasource named [mgmt] success
2022-06-14 11:05:58.481  INFO 15096 --- [main] c.b.d.d.DynamicRoutingDataSource         : dynamic-datasource initial loaded [2] datasource,primary datasource named [h5]
2022-06-14 11:06:01.246  INFO 15096 --- [main] o.s.b.w.embedded.tomcat.TomcatWebServer  : Tomcat started on port(s): 8088 (http) with context path '/ksh5'
2022-06-14 11:06:01.486  INFO 15096 --- [main] com.lianzheng.h5.H5Application           : Started H5Application in 6.318 seconds (JVM running for 7.121)
2022-06-14 11:36:48.601  INFO 15096 --- [http-nio-8088-exec-1] o.a.c.c.C.[Tomcat].[localhost].[/ksh5]   : Initializing Spring DispatcherServlet 'dispatcherServlet'
2022-06-14 11:36:48.602  INFO 15096 --- [http-nio-8088-exec-1] o.s.web.servlet.DispatcherServlet        : Initializing Servlet 'dispatcherServlet'
2022-06-14 11:36:48.606  INFO 15096 --- [http-nio-8088-exec-1] o.s.web.servlet.DispatcherServlet        : Completed initialization in 4 ms
2022-06-14 11:36:48.621 ERROR 15096 --- [http-nio-8088-exec-1] c.l.h5.common.GlobalExceptionHandler     : 出现错误, 捕获: >> CustomException(code=401, msg=请选择所处公证处)
2022-06-14 11:40:18.481 ERROR 15096 --- [http-nio-8088-exec-2] c.l.h5.common.GlobalExceptionHandler     : 出现错误, 捕获: >> CustomException(code=401, msg=请选择所处公证处)
2022-06-14 11:40:20.707 ERROR 15096 --- [http-nio-8088-exec-3] c.l.h5.common.GlobalExceptionHandler     : 出现错误, 捕获: >> CustomException(code=401, msg=请选择所处公证处)
2022-06-14 11:44:05.854  INFO 29372 --- [main] com.lianzheng.h5.H5Application           : Starting H5Application using Java 1.8.0_301 on DESKTOP-R7KS5QR with PID 29372 (C:\Users\86139\IdeaProjects\policy_certificate_service_new\com.lianzheng.h5\target\classes started by 86139 in C:\Users\86139\IdeaProjects\policy_certificate_service_new)
2022-06-14 11:44:05.862  INFO 29372 --- [main] com.lianzheng.h5.H5Application           : The following profiles are active: dev
2022-06-14 11:44:07.008  INFO 29372 --- [main] .s.d.r.c.RepositoryConfigurationDelegate : Multiple Spring Data modules found, entering strict repository configuration mode!
2022-06-14 11:44:07.009  INFO 29372 --- [main] .s.d.r.c.RepositoryConfigurationDelegate : Bootstrapping Spring Data Redis repositories in DEFAULT mode.
2022-06-14 11:44:07.067  INFO 29372 --- [main] .s.d.r.c.RepositoryConfigurationDelegate : Finished Spring Data repository scanning in 44 ms. Found 0 Redis repository interfaces.
2022-06-14 11:44:07.611  INFO 29372 --- [main] trationDelegate$BeanPostProcessorChecker : Bean 'spring.datasource.dynamic-com.baomidou.dynamic.datasource.spring.boot.autoconfigure.DynamicDataSourceProperties' of type [com.baomidou.dynamic.datasource.spring.boot.autoconfigure.DynamicDataSourceProperties] is not eligible for getting processed by all BeanPostProcessors (for example: not eligible for auto-proxying)
2022-06-14 11:44:07.620  INFO 29372 --- [main] trationDelegate$BeanPostProcessorChecker : Bean 'com.baomidou.dynamic.datasource.spring.boot.autoconfigure.DynamicDataSourceAutoConfiguration' of type [com.baomidou.dynamic.datasource.spring.boot.autoconfigure.DynamicDataSourceAutoConfiguration$$EnhancerBySpringCGLIB$$b2b17845] is not eligible for getting processed by all BeanPostProcessors (for example: not eligible for auto-proxying)
2022-06-14 11:44:07.642  INFO 29372 --- [main] trationDelegate$BeanPostProcessorChecker : Bean 'dsProcessor' of type [com.baomidou.dynamic.datasource.processor.DsHeaderProcessor] is not eligible for getting processed by all BeanPostProcessors (for example: not eligible for auto-proxying)
2022-06-14 11:44:07.991  INFO 29372 --- [main] o.s.b.w.embedded.tomcat.TomcatWebServer  : Tomcat initialized with port(s): 8088 (http)
2022-06-14 11:44:08.000  INFO 29372 --- [main] o.apache.catalina.core.StandardService   : Starting service [Tomcat]
2022-06-14 11:44:08.000  INFO 29372 --- [main] org.apache.catalina.core.StandardEngine  : Starting Servlet engine: [Apache Tomcat/9.0.52]
2022-06-14 11:44:08.148  INFO 29372 --- [main] o.a.c.c.C.[Tomcat].[localhost].[/ksh5]   : Initializing Spring embedded WebApplicationContext
2022-06-14 11:44:08.148  INFO 29372 --- [main] w.s.c.ServletWebServerApplicationContext : Root WebApplicationContext: initialization completed in 2218 ms
2022-06-14 11:44:08.613  WARN 29372 --- [main] c.b.d.d.DynamicRoutingDataSource         : dynamic-datasource initial loaded [0] datasource,Please add your primary datasource or check your configuration
2022-06-14 11:44:11.409  INFO 29372 --- [main] o.s.b.w.embedded.tomcat.TomcatWebServer  : Tomcat started on port(s): 8088 (http) with context path '/ksh5'
2022-06-14 11:44:11.667  INFO 29372 --- [main] com.lianzheng.h5.H5Application           : Started H5Application in 6.403 seconds (JVM running for 7.258)
2022-06-14 11:44:49.993  INFO 29372 --- [http-nio-8088-exec-1] o.a.c.c.C.[Tomcat].[localhost].[/ksh5]   : Initializing Spring DispatcherServlet 'dispatcherServlet'
2022-06-14 11:44:49.993  INFO 29372 --- [http-nio-8088-exec-1] o.s.web.servlet.DispatcherServlet        : Initializing Servlet 'dispatcherServlet'
2022-06-14 11:44:49.996  INFO 29372 --- [http-nio-8088-exec-1] o.s.web.servlet.DispatcherServlet        : Completed initialization in 2 ms
2022-06-14 11:44:50.026 ERROR 29372 --- [http-nio-8088-exec-1] c.l.h5.common.GlobalExceptionHandler     : 出现错误, 捕获: >> org.springframework.web.bind.MissingServletRequestParameterException: Required request parameter 'index' for method parameter type BigInteger is present but converted to null
2022-06-14 11:44:53.072  INFO 29372 --- [http-nio-8088-exec-2] com.lianzheng.h5.common.WebLogAspect     : ================================>
2022-06-14 11:44:53.072  INFO 29372 --- [http-nio-8088-exec-2] com.lianzheng.h5.common.WebLogAspect     : 路径 : http://192.168.20.23:8088/ksh5/user/login_accounts
2022-06-14 11:44:53.073  INFO 29372 --- [http-nio-8088-exec-2] com.lianzheng.h5.common.WebLogAspect     : 请求头 : x-forwarded-host:192.168.20.28:8080,x-forwarded-proto:http,x-forwarded-port:8080,x-forwarded-for:192.168.20.28,accept-language:zh-CN,zh;q=0.9,accept-encoding:gzip, deflate,referer:http://192.168.20.28:8080/ApproveLogin?code=041xOLml25iJn944Gfol2n7xqY3xOLmA&state=STATE,origin:http://192.168.20.28:8080,content-type:application/x-www-form-urlencoded;charset=UTF-8,token:null,user-agent:Mozilla/5.0 (iPhone; CPU iPhone OS 11_0 like Mac OS X) AppleWebKit/604.1.38 (KHTML, like Gecko) Version/11.0 Mobile/15A372 Safari/604.1 wechatdevtools/1.06.2206090 MicroMessenger/8.0.5 Language/zh_CN webview/16551344972006144 webdebugger port/47362 token/ff3787639f892b04de989ec3985ecea6,accept:application/json, text/plain, */*,content-length:45,connection:close,host:192.168.20.23:8088,
2022-06-14 11:44:53.074  INFO 29372 --- [http-nio-8088-exec-2] com.lianzheng.h5.common.WebLogAspect     : 参数 : [041xOLml25iJn944Gfol2n7xqY3xOLmA, 1]
2022-06-14 11:44:53.673  INFO 29372 --- [http-nio-8088-exec-2] com.lianzheng.h5.helper.WxHelper         : jsonData>>>{"errcode":40029,"errmsg":"invalid code, rid: 62a80435-4e12ca31-3cbc43b1"}
2022-06-14 11:44:53.717  INFO 29372 --- [http-nio-8088-exec-2] com.lianzheng.h5.common.WebLogAspect     : 结果 : {"code":4000,"data":"null","msg": "微信授权失败"}
2022-06-14 11:44:53.718  INFO 29372 --- [http-nio-8088-exec-2] com.lianzheng.h5.common.WebLogAspect     : ================================>
2022-06-14 11:47:14.441  INFO 25640 --- [main] com.lianzheng.h5.H5Application           : Starting H5Application using Java 1.8.0_301 on DESKTOP-R7KS5QR with PID 25640 (C:\Users\86139\IdeaProjects\policy_certificate_service_new\com.lianzheng.h5\target\classes started by 86139 in C:\Users\86139\IdeaProjects\policy_certificate_service_new)
2022-06-14 11:47:14.448  INFO 25640 --- [main] com.lianzheng.h5.H5Application           : The following profiles are active: dev
2022-06-14 11:47:15.646  INFO 25640 --- [main] .s.d.r.c.RepositoryConfigurationDelegate : Multiple Spring Data modules found, entering strict repository configuration mode!
2022-06-14 11:47:15.648  INFO 25640 --- [main] .s.d.r.c.RepositoryConfigurationDelegate : Bootstrapping Spring Data Redis repositories in DEFAULT mode.
2022-06-14 11:47:15.705  INFO 25640 --- [main] .s.d.r.c.RepositoryConfigurationDelegate : Finished Spring Data repository scanning in 42 ms. Found 0 Redis repository interfaces.
2022-06-14 11:47:16.216  INFO 25640 --- [main] trationDelegate$BeanPostProcessorChecker : Bean 'spring.datasource.dynamic-com.baomidou.dynamic.datasource.spring.boot.autoconfigure.DynamicDataSourceProperties' of type [com.baomidou.dynamic.datasource.spring.boot.autoconfigure.DynamicDataSourceProperties] is not eligible for getting processed by all BeanPostProcessors (for example: not eligible for auto-proxying)
2022-06-14 11:47:16.223  INFO 25640 --- [main] trationDelegate$BeanPostProcessorChecker : Bean 'com.baomidou.dynamic.datasource.spring.boot.autoconfigure.DynamicDataSourceAutoConfiguration' of type [com.baomidou.dynamic.datasource.spring.boot.autoconfigure.DynamicDataSourceAutoConfiguration$$EnhancerBySpringCGLIB$$a34899d3] is not eligible for getting processed by all BeanPostProcessors (for example: not eligible for auto-proxying)
2022-06-14 11:47:16.243  INFO 25640 --- [main] trationDelegate$BeanPostProcessorChecker : Bean 'dsProcessor' of type [com.baomidou.dynamic.datasource.processor.DsHeaderProcessor] is not eligible for getting processed by all BeanPostProcessors (for example: not eligible for auto-proxying)
2022-06-14 11:47:16.604  INFO 25640 --- [main] o.s.b.w.embedded.tomcat.TomcatWebServer  : Tomcat initialized with port(s): 8088 (http)
2022-06-14 11:47:16.612  INFO 25640 --- [main] o.apache.catalina.core.StandardService   : Starting service [Tomcat]
2022-06-14 11:47:16.613  INFO 25640 --- [main] org.apache.catalina.core.StandardEngine  : Starting Servlet engine: [Apache Tomcat/9.0.52]
2022-06-14 11:47:16.807  INFO 25640 --- [main] o.a.c.c.C.[Tomcat].[localhost].[/ksh5]   : Initializing Spring embedded WebApplicationContext
2022-06-14 11:47:16.808  INFO 25640 --- [main] w.s.c.ServletWebServerApplicationContext : Root WebApplicationContext: initialization completed in 2292 ms
2022-06-14 11:47:17.228  WARN 25640 --- [main] c.b.d.d.DynamicRoutingDataSource         : dynamic-datasource initial loaded [0] datasource,Please add your primary datasource or check your configuration
2022-06-14 11:47:23.847  INFO 5056 --- [main] com.lianzheng.h5.H5Application           : Starting H5Application using Java 1.8.0_301 on DESKTOP-R7KS5QR with PID 5056 (C:\Users\86139\IdeaProjects\policy_certificate_service_new\com.lianzheng.h5\target\classes started by 86139 in C:\Users\86139\IdeaProjects\policy_certificate_service_new)
2022-06-14 11:47:23.850  INFO 5056 --- [main] com.lianzheng.h5.H5Application           : The following profiles are active: dev
2022-06-14 11:47:24.995  INFO 5056 --- [main] .s.d.r.c.RepositoryConfigurationDelegate : Multiple Spring Data modules found, entering strict repository configuration mode!
2022-06-14 11:47:24.997  INFO 5056 --- [main] .s.d.r.c.RepositoryConfigurationDelegate : Bootstrapping Spring Data Redis repositories in DEFAULT mode.
2022-06-14 11:47:25.057  INFO 5056 --- [main] .s.d.r.c.RepositoryConfigurationDelegate : Finished Spring Data repository scanning in 49 ms. Found 0 Redis repository interfaces.
2022-06-14 11:47:25.603  INFO 5056 --- [main] trationDelegate$BeanPostProcessorChecker : Bean 'spring.datasource.dynamic-com.baomidou.dynamic.datasource.spring.boot.autoconfigure.DynamicDataSourceProperties' of type [com.baomidou.dynamic.datasource.spring.boot.autoconfigure.DynamicDataSourceProperties] is not eligible for getting processed by all BeanPostProcessors (for example: not eligible for auto-proxying)
2022-06-14 11:47:25.611  INFO 5056 --- [main] trationDelegate$BeanPostProcessorChecker : Bean 'com.baomidou.dynamic.datasource.spring.boot.autoconfigure.DynamicDataSourceAutoConfiguration' of type [com.baomidou.dynamic.datasource.spring.boot.autoconfigure.DynamicDataSourceAutoConfiguration$$EnhancerBySpringCGLIB$$3c3b85b4] is not eligible for getting processed by all BeanPostProcessors (for example: not eligible for auto-proxying)
2022-06-14 11:47:25.631  INFO 5056 --- [main] trationDelegate$BeanPostProcessorChecker : Bean 'dsProcessor' of type [com.baomidou.dynamic.datasource.processor.DsHeaderProcessor] is not eligible for getting processed by all BeanPostProcessors (for example: not eligible for auto-proxying)
2022-06-14 11:47:25.960  INFO 5056 --- [main] o.s.b.w.embedded.tomcat.TomcatWebServer  : Tomcat initialized with port(s): 8088 (http)
2022-06-14 11:47:25.968  INFO 5056 --- [main] o.apache.catalina.core.StandardService   : Starting service [Tomcat]
2022-06-14 11:47:25.968  INFO 5056 --- [main] org.apache.catalina.core.StandardEngine  : Starting Servlet engine: [Apache Tomcat/9.0.52]
2022-06-14 11:47:26.112  INFO 5056 --- [main] o.a.c.c.C.[Tomcat].[localhost].[/ksh5]   : Initializing Spring embedded WebApplicationContext
2022-06-14 11:47:26.112  INFO 5056 --- [main] w.s.c.ServletWebServerApplicationContext : Root WebApplicationContext: initialization completed in 2195 ms
2022-06-14 11:47:26.535  WARN 5056 --- [main] c.b.d.d.DynamicRoutingDataSource         : dynamic-datasource initial loaded [0] datasource,Please add your primary datasource or check your configuration
2022-06-14 11:47:29.323  INFO 5056 --- [main] o.s.b.w.embedded.tomcat.TomcatWebServer  : Tomcat started on port(s): 8088 (http) with context path '/ksh5'
2022-06-14 11:47:29.558  INFO 5056 --- [main] com.lianzheng.h5.H5Application           : Started H5Application in 6.321 seconds (JVM running for 7.193)
2022-06-14 11:47:52.160  INFO 5056 --- [http-nio-8088-exec-1] o.a.c.c.C.[Tomcat].[localhost].[/ksh5]   : Initializing Spring DispatcherServlet 'dispatcherServlet'
2022-06-14 11:47:52.161  INFO 5056 --- [http-nio-8088-exec-1] o.s.web.servlet.DispatcherServlet        : Initializing Servlet 'dispatcherServlet'
2022-06-14 11:47:52.165  INFO 5056 --- [http-nio-8088-exec-1] o.s.web.servlet.DispatcherServlet        : Completed initialization in 3 ms
2022-06-14 11:47:52.188  INFO 5056 --- [http-nio-8088-exec-1] com.lianzheng.h5.common.WebLogAspect     : ================================>
2022-06-14 11:47:52.189  INFO 5056 --- [http-nio-8088-exec-1] com.lianzheng.h5.common.WebLogAspect     : 路径 : http://192.168.20.23:8088/ksh5/user/login_accounts
2022-06-14 11:47:52.190  INFO 5056 --- [http-nio-8088-exec-1] com.lianzheng.h5.common.WebLogAspect     : 请求头 : x-forwarded-host:192.168.20.28:8080,x-forwarded-proto:http,x-forwarded-port:8080,x-forwarded-for:192.168.20.28,accept-language:zh-CN,zh;q=0.9,accept-encoding:gzip, deflate,referer:http://192.168.20.28:8080/ApproveLogin?code=041xOLml25iJn944Gfol2n7xqY3xOLmA&state=STATE,origin:http://192.168.20.28:8080,content-type:application/x-www-form-urlencoded;charset=UTF-8,token:null,user-agent:Mozilla/5.0 (iPhone; CPU iPhone OS 11_0 like Mac OS X) AppleWebKit/604.1.38 (KHTML, like Gecko) Version/11.0 Mobile/15A372 Safari/604.1 wechatdevtools/1.06.2206090 MicroMessenger/8.0.5 Language/zh_CN webview/16551344972006144 webdebugger port/47362 token/ff3787639f892b04de989ec3985ecea6,accept:application/json, text/plain, */*,content-length:45,connection:close,host:192.168.20.23:8088,
2022-06-14 11:47:52.190  INFO 5056 --- [http-nio-8088-exec-1] com.lianzheng.h5.common.WebLogAspect     : 参数 : [041xOLml25iJn944Gfol2n7xqY3xOLmA, 1]
2022-06-14 11:47:52.780  INFO 5056 --- [http-nio-8088-exec-1] com.lianzheng.h5.helper.WxHelper         : jsonData>>>{"errcode":40163,"errmsg":"code been used, rid: 62a804e8-2126c93e-34a81813"}
2022-06-14 11:47:52.819  INFO 5056 --- [http-nio-8088-exec-1] com.lianzheng.h5.common.WebLogAspect     : 结果 : {"code":4000,"data":"null","msg": "微信授权失败"}
2022-06-14 11:47:52.819  INFO 5056 --- [http-nio-8088-exec-1] com.lianzheng.h5.common.WebLogAspect     : ================================>
2022-06-14 11:48:24.017 ERROR 5056 --- [http-nio-8088-exec-2] c.l.h5.common.GlobalExceptionHandler     : 出现错误, 捕获: >> org.springframework.web.bind.MissingServletRequestParameterException: Required request parameter 'index' for method parameter type BigInteger is present but converted to null
2022-06-14 11:48:27.071  INFO 5056 --- [http-nio-8088-exec-3] com.lianzheng.h5.common.WebLogAspect     : ================================>
2022-06-14 11:48:27.071  INFO 5056 --- [http-nio-8088-exec-3] com.lianzheng.h5.common.WebLogAspect     : 路径 : http://192.168.20.23:8088/ksh5/user/login_accounts
2022-06-14 11:48:27.072  INFO 5056 --- [http-nio-8088-exec-3] com.lianzheng.h5.common.WebLogAspect     : 请求头 : x-forwarded-host:192.168.20.28:8080,x-forwarded-proto:http,x-forwarded-port:8080,x-forwarded-for:192.168.20.28,accept-language:zh-CN,zh;q=0.9,accept-encoding:gzip, deflate,referer:http://192.168.20.28:8080/ApproveLogin?code=071l2r0w3jQLGY2ur13w3x8ktu2l2r06&state=STATE,origin:http://192.168.20.28:8080,content-type:application/x-www-form-urlencoded;charset=UTF-8,token:null,user-agent:Mozilla/5.0 (iPhone; CPU iPhone OS 11_0 like Mac OS X) AppleWebKit/604.1.38 (KHTML, like Gecko) Version/11.0 Mobile/15A372 Safari/604.1 wechatdevtools/1.06.2206090 MicroMessenger/8.0.5 Language/zh_CN webview/16551344972006144 webdebugger port/47362 token/ff3787639f892b04de989ec3985ecea6,accept:application/json, text/plain, */*,content-length:45,connection:close,host:192.168.20.23:8088,
2022-06-14 11:48:27.072  INFO 5056 --- [http-nio-8088-exec-3] com.lianzheng.h5.common.WebLogAspect     : 参数 : [071l2r0w3jQLGY2ur13w3x8ktu2l2r06, 1]
2022-06-14 11:48:27.213  INFO 5056 --- [http-nio-8088-exec-3] com.lianzheng.h5.helper.WxHelper         : jsonData>>>{"errcode":40029,"errmsg":"invalid code, rid: 62a8050b-70f2e3d1-75162bf0"}
2022-06-14 11:48:27.214  INFO 5056 --- [http-nio-8088-exec-3] com.lianzheng.h5.common.WebLogAspect     : 结果 : {"code":4000,"data":"null","msg": "微信授权失败"}
2022-06-14 11:48:27.214  INFO 5056 --- [http-nio-8088-exec-3] com.lianzheng.h5.common.WebLogAspect     : ================================>
2022-06-14 11:53:49.549  INFO 26240 --- [main] com.lianzheng.h5.H5Application           : Starting H5Application using Java 1.8.0_301 on DESKTOP-R7KS5QR with PID 26240 (C:\Users\86139\IdeaProjects\policy_certificate_service_new\com.lianzheng.h5\target\classes started by 86139 in C:\Users\86139\IdeaProjects\policy_certificate_service_new)
2022-06-14 11:53:49.557  INFO 26240 --- [main] com.lianzheng.h5.H5Application           : The following profiles are active: dev
2022-06-14 11:53:50.640  INFO 26240 --- [main] .s.d.r.c.RepositoryConfigurationDelegate : Multiple Spring Data modules found, entering strict repository configuration mode!
2022-06-14 11:53:50.642  INFO 26240 --- [main] .s.d.r.c.RepositoryConfigurationDelegate : Bootstrapping Spring Data Redis repositories in DEFAULT mode.
2022-06-14 11:53:50.697  INFO 26240 --- [main] .s.d.r.c.RepositoryConfigurationDelegate : Finished Spring Data repository scanning in 41 ms. Found 0 Redis repository interfaces.
2022-06-14 11:53:51.190  INFO 26240 --- [main] trationDelegate$BeanPostProcessorChecker : Bean 'spring.datasource.dynamic-com.baomidou.dynamic.datasource.spring.boot.autoconfigure.DynamicDataSourceProperties' of type [com.baomidou.dynamic.datasource.spring.boot.autoconfigure.DynamicDataSourceProperties] is not eligible for getting processed by all BeanPostProcessors (for example: not eligible for auto-proxying)
2022-06-14 11:53:51.196  INFO 26240 --- [main] trationDelegate$BeanPostProcessorChecker : Bean 'com.baomidou.dynamic.datasource.spring.boot.autoconfigure.DynamicDataSourceAutoConfiguration' of type [com.baomidou.dynamic.datasource.spring.boot.autoconfigure.DynamicDataSourceAutoConfiguration$$EnhancerBySpringCGLIB$$3c3b85b4] is not eligible for getting processed by all BeanPostProcessors (for example: not eligible for auto-proxying)
2022-06-14 11:53:51.215  INFO 26240 --- [main] trationDelegate$BeanPostProcessorChecker : Bean 'dsProcessor' of type [com.baomidou.dynamic.datasource.processor.DsHeaderProcessor] is not eligible for getting processed by all BeanPostProcessors (for example: not eligible for auto-proxying)
2022-06-14 11:53:51.542  INFO 26240 --- [main] o.s.b.w.embedded.tomcat.TomcatWebServer  : Tomcat initialized with port(s): 8088 (http)
2022-06-14 11:53:51.552  INFO 26240 --- [main] o.apache.catalina.core.StandardService   : Starting service [Tomcat]
2022-06-14 11:53:51.552  INFO 26240 --- [main] org.apache.catalina.core.StandardEngine  : Starting Servlet engine: [Apache Tomcat/9.0.52]
2022-06-14 11:53:51.700  INFO 26240 --- [main] o.a.c.c.C.[Tomcat].[localhost].[/ksh5]   : Initializing Spring embedded WebApplicationContext
2022-06-14 11:53:51.700  INFO 26240 --- [main] w.s.c.ServletWebServerApplicationContext : Root WebApplicationContext: initialization completed in 2077 ms
2022-06-14 11:53:52.114  WARN 26240 --- [main] c.b.d.d.DynamicRoutingDataSource         : dynamic-datasource initial loaded [0] datasource,Please add your primary datasource or check your configuration
2022-06-14 11:53:54.774  INFO 26240 --- [main] o.s.b.w.embedded.tomcat.TomcatWebServer  : Tomcat started on port(s): 8088 (http) with context path '/ksh5'
2022-06-14 11:53:55.011  INFO 26240 --- [main] com.lianzheng.h5.H5Application           : Started H5Application in 6.003 seconds (JVM running for 6.891)
2022-06-14 11:54:28.537  INFO 26240 --- [http-nio-8088-exec-1] o.a.c.c.C.[Tomcat].[localhost].[/ksh5]   : Initializing Spring DispatcherServlet 'dispatcherServlet'
2022-06-14 11:54:28.538  INFO 26240 --- [http-nio-8088-exec-1] o.s.web.servlet.DispatcherServlet        : Initializing Servlet 'dispatcherServlet'
2022-06-14 11:54:28.540  INFO 26240 --- [http-nio-8088-exec-1] o.s.web.servlet.DispatcherServlet        : Completed initialization in 2 ms
2022-06-14 11:54:28.566  INFO 26240 --- [http-nio-8088-exec-1] com.lianzheng.h5.common.WebLogAspect     : ================================>
2022-06-14 11:54:28.567  INFO 26240 --- [http-nio-8088-exec-1] com.lianzheng.h5.common.WebLogAspect     : 路径 : http://192.168.20.23:8088/ksh5/user/login_accounts
2022-06-14 11:54:28.568  INFO 26240 --- [http-nio-8088-exec-1] com.lianzheng.h5.common.WebLogAspect     : 请求头 : x-forwarded-host:192.168.20.28:8080,x-forwarded-proto:http,x-forwarded-port:8080,x-forwarded-for:192.168.20.28,accept-language:zh-CN,zh;q=0.9,accept-encoding:gzip, deflate,referer:http://192.168.20.28:8080/ApproveLogin,origin:http://192.168.20.28:8080,content-type:application/x-www-form-urlencoded;charset=UTF-8,token:null,user-agent:Mozilla/5.0 (iPhone; CPU iPhone OS 11_0 like Mac OS X) AppleWebKit/604.1.38 (KHTML, like Gecko) Version/11.0 Mobile/15A372 Safari/604.1 wechatdevtools/1.06.2206090 MicroMessenger/8.0.5 Language/zh_CN webview/16551344972006144 webdebugger port/47362 token/ff3787639f892b04de989ec3985ecea6,accept:application/json, text/plain, */*,content-length:12,connection:close,host:192.168.20.23:8088,
2022-06-14 11:54:28.568  INFO 26240 --- [http-nio-8088-exec-1] com.lianzheng.h5.common.WebLogAspect     : 参数 : [, ]
2022-06-14 11:54:29.136  INFO 26240 --- [http-nio-8088-exec-1] com.lianzheng.h5.helper.WxHelper         : jsonData>>>{"errcode":41008,"errmsg":"missing code, rid: 62a80675-0894df20-1780e3c5"}
2022-06-14 11:54:29.175  INFO 26240 --- [http-nio-8088-exec-1] com.lianzheng.h5.common.WebLogAspect     : 结果 : {"code":4000,"data":"null","msg": "微信授权失败"}
2022-06-14 11:54:29.175  INFO 26240 --- [http-nio-8088-exec-1] com.lianzheng.h5.common.WebLogAspect     : ================================>
2022-06-14 11:54:31.535  INFO 26240 --- [http-nio-8088-exec-2] com.lianzheng.h5.common.WebLogAspect     : ================================>
2022-06-14 11:54:31.536  INFO 26240 --- [http-nio-8088-exec-2] com.lianzheng.h5.common.WebLogAspect     : 路径 : http://192.168.20.23:8088/ksh5/user/login_accounts
2022-06-14 11:54:31.537  INFO 26240 --- [http-nio-8088-exec-2] com.lianzheng.h5.common.WebLogAspect     : 请求头 : x-forwarded-host:192.168.20.28:8080,x-forwarded-proto:http,x-forwarded-port:8080,x-forwarded-for:192.168.20.28,accept-language:zh-CN,zh;q=0.9,accept-encoding:gzip, deflate,referer:http://192.168.20.28:8080/ApproveLogin?code=071M68ll21J5m94f8vll2kYzgk2M68la&state=STATE,origin:http://192.168.20.28:8080,content-type:application/x-www-form-urlencoded;charset=UTF-8,token:null,user-agent:Mozilla/5.0 (iPhone; CPU iPhone OS 11_0 like Mac OS X) AppleWebKit/604.1.38 (KHTML, like Gecko) Version/11.0 Mobile/15A372 Safari/604.1 wechatdevtools/1.06.2206090 MicroMessenger/8.0.5 Language/zh_CN webview/16551344972006144 webdebugger port/47362 token/ff3787639f892b04de989ec3985ecea6,accept:application/json, text/plain, */*,content-length:45,connection:close,host:192.168.20.23:8088,
2022-06-14 11:54:31.537  INFO 26240 --- [http-nio-8088-exec-2] com.lianzheng.h5.common.WebLogAspect     : 参数 : [071M68ll21J5m94f8vll2kYzgk2M68la, 1]
2022-06-14 11:54:31.621  INFO 26240 --- [http-nio-8088-exec-2] com.lianzheng.h5.helper.WxHelper         : jsonData>>>{"errcode":40029,"errmsg":"invalid code, rid: 62a80677-03922ef1-126729e9"}
2022-06-14 11:54:31.621  INFO 26240 --- [http-nio-8088-exec-2] com.lianzheng.h5.common.WebLogAspect     : 结果 : {"code":4000,"data":"null","msg": "微信授权失败"}
2022-06-14 11:54:31.622  INFO 26240 --- [http-nio-8088-exec-2] com.lianzheng.h5.common.WebLogAspect     : ================================>
2022-06-14 13:40:40.330  INFO 26240 --- [http-nio-8088-exec-3] com.lianzheng.h5.common.WebLogAspect     : ================================>
2022-06-14 13:40:40.334  INFO 26240 --- [http-nio-8088-exec-3] com.lianzheng.h5.common.WebLogAspect     : 路径 : http://192.168.20.23:8088/ksh5/user/login_accounts
2022-06-14 13:40:40.334  INFO 26240 --- [http-nio-8088-exec-3] com.lianzheng.h5.common.WebLogAspect     : 请求头 : x-forwarded-host:192.168.20.28:8080,x-forwarded-proto:http,x-forwarded-port:8080,x-forwarded-for:192.168.20.28,accept-language:zh-CN,zh;q=0.9,accept-encoding:gzip, deflate,referer:http://192.168.20.28:8080/ApproveLogin?code=071M68ll21J5m94f8vll2kYzgk2M68la&state=STATE,origin:http://192.168.20.28:8080,content-type:application/x-www-form-urlencoded;charset=UTF-8,token:null,user-agent:Mozilla/5.0 (iPhone; CPU iPhone OS 11_0 like Mac OS X) AppleWebKit/604.1.38 (KHTML, like Gecko) Version/11.0 Mobile/15A372 Safari/604.1 wechatdevtools/1.06.2206090 MicroMessenger/8.0.5 Language/zh_CN webview/16551344972006144 webdebugger port/47362 token/ff3787639f892b04de989ec3985ecea6,accept:application/json, text/plain, */*,content-length:45,connection:close,host:192.168.20.23:8088,
2022-06-14 13:40:40.335  INFO 26240 --- [http-nio-8088-exec-3] com.lianzheng.h5.common.WebLogAspect     : 参数 : [071M68ll21J5m94f8vll2kYzgk2M68la, 1]
2022-06-14 13:40:40.529  INFO 26240 --- [http-nio-8088-exec-3] com.lianzheng.h5.helper.WxHelper         : jsonData>>>{"errcode":40029,"errmsg":"invalid code, rid: 62a81f58-69a98a1d-32d5417b"}
2022-06-14 13:40:40.530  INFO 26240 --- [http-nio-8088-exec-3] com.lianzheng.h5.common.WebLogAspect     : 结果 : {"code":4000,"data":"null","msg": "微信授权失败"}
2022-06-14 13:40:40.530  INFO 26240 --- [http-nio-8088-exec-3] com.lianzheng.h5.common.WebLogAspect     : ================================>
2022-06-14 13:40:44.931  INFO 26240 --- [http-nio-8088-exec-4] com.lianzheng.h5.common.WebLogAspect     : ================================>
2022-06-14 13:40:44.932  INFO 26240 --- [http-nio-8088-exec-4] com.lianzheng.h5.common.WebLogAspect     : 路径 : http://192.168.20.23:8088/ksh5/user/login_accounts
2022-06-14 13:40:44.932  INFO 26240 --- [http-nio-8088-exec-4] com.lianzheng.h5.common.WebLogAspect     : 请求头 : x-forwarded-host:192.168.20.28:8080,x-forwarded-proto:http,x-forwarded-port:8080,x-forwarded-for:192.168.20.28,accept-language:zh-CN,zh;q=0.9,accept-encoding:gzip, deflate,referer:http://192.168.20.28:8080/ApproveLogin,origin:http://192.168.20.28:8080,content-type:application/x-www-form-urlencoded;charset=UTF-8,token:null,user-agent:Mozilla/5.0 (iPhone; CPU iPhone OS 11_0 like Mac OS X) AppleWebKit/604.1.38 (KHTML, like Gecko) Version/11.0 Mobile/15A372 Safari/604.1 wechatdevtools/1.06.2206090 MicroMessenger/8.0.5 Language/zh_CN webview/16551344972006144 webdebugger port/47362 token/ff3787639f892b04de989ec3985ecea6,accept:application/json, text/plain, */*,content-length:12,connection:close,host:192.168.20.23:8088,
2022-06-14 13:40:44.933  INFO 26240 --- [http-nio-8088-exec-4] com.lianzheng.h5.common.WebLogAspect     : 参数 : [, ]
2022-06-14 13:40:44.987  INFO 26240 --- [http-nio-8088-exec-4] com.lianzheng.h5.helper.WxHelper         : jsonData>>>{"errcode":41008,"errmsg":"missing code, rid: 62a81f5d-77d6c8d6-276ec1b8"}
2022-06-14 13:40:44.988  INFO 26240 --- [http-nio-8088-exec-4] com.lianzheng.h5.common.WebLogAspect     : 结果 : {"code":4000,"data":"null","msg": "微信授权失败"}
2022-06-14 13:40:44.988  INFO 26240 --- [http-nio-8088-exec-4] com.lianzheng.h5.common.WebLogAspect     : ================================>
2022-06-14 13:41:14.035  INFO 27928 --- [main] com.lianzheng.h5.H5Application           : Starting H5Application using Java 1.8.0_301 on DESKTOP-R7KS5QR with PID 27928 (C:\Users\86139\IdeaProjects\policy_certificate_service_new\com.lianzheng.h5\target\classes started by 86139 in C:\Users\86139\IdeaProjects\policy_certificate_service_new)
2022-06-14 13:41:14.037  INFO 27928 --- [main] com.lianzheng.h5.H5Application           : The following profiles are active: dev
2022-06-14 13:41:15.184  INFO 27928 --- [main] .s.d.r.c.RepositoryConfigurationDelegate : Multiple Spring Data modules found, entering strict repository configuration mode!
2022-06-14 13:41:15.186  INFO 27928 --- [main] .s.d.r.c.RepositoryConfigurationDelegate : Bootstrapping Spring Data Redis repositories in DEFAULT mode.
2022-06-14 13:41:15.247  INFO 27928 --- [main] .s.d.r.c.RepositoryConfigurationDelegate : Finished Spring Data repository scanning in 46 ms. Found 0 Redis repository interfaces.
2022-06-14 13:41:15.747  INFO 27928 --- [main] trationDelegate$BeanPostProcessorChecker : Bean 'spring.datasource.dynamic-com.baomidou.dynamic.datasource.spring.boot.autoconfigure.DynamicDataSourceProperties' of type [com.baomidou.dynamic.datasource.spring.boot.autoconfigure.DynamicDataSourceProperties] is not eligible for getting processed by all BeanPostProcessors (for example: not eligible for auto-proxying)
2022-06-14 13:41:15.755  INFO 27928 --- [main] trationDelegate$BeanPostProcessorChecker : Bean 'com.baomidou.dynamic.datasource.spring.boot.autoconfigure.DynamicDataSourceAutoConfiguration' of type [com.baomidou.dynamic.datasource.spring.boot.autoconfigure.DynamicDataSourceAutoConfiguration$$EnhancerBySpringCGLIB$$4834723c] is not eligible for getting processed by all BeanPostProcessors (for example: not eligible for auto-proxying)
2022-06-14 13:41:15.776  INFO 27928 --- [main] trationDelegate$BeanPostProcessorChecker : Bean 'dsProcessor' of type [com.baomidou.dynamic.datasource.processor.DsHeaderProcessor] is not eligible for getting processed by all BeanPostProcessors (for example: not eligible for auto-proxying)
2022-06-14 13:41:16.121  INFO 27928 --- [main] o.s.b.w.embedded.tomcat.TomcatWebServer  : Tomcat initialized with port(s): 8088 (http)
2022-06-14 13:41:16.130  INFO 27928 --- [main] o.apache.catalina.core.StandardService   : Starting service [Tomcat]
2022-06-14 13:41:16.131  INFO 27928 --- [main] org.apache.catalina.core.StandardEngine  : Starting Servlet engine: [Apache Tomcat/9.0.52]
2022-06-14 13:41:16.282  INFO 27928 --- [main] o.a.c.c.C.[Tomcat].[localhost].[/ksh5]   : Initializing Spring embedded WebApplicationContext
2022-06-14 13:41:16.282  INFO 27928 --- [main] w.s.c.ServletWebServerApplicationContext : Root WebApplicationContext: initialization completed in 2178 ms
2022-06-14 13:41:16.696  WARN 27928 --- [main] c.b.d.d.DynamicRoutingDataSource         : dynamic-datasource initial loaded [0] datasource,Please add your primary datasource or check your configuration
2022-06-14 13:41:19.410  INFO 27928 --- [main] o.s.b.w.embedded.tomcat.TomcatWebServer  : Tomcat started on port(s): 8088 (http) with context path '/ksh5'
2022-06-14 13:41:19.654  INFO 27928 --- [main] com.lianzheng.h5.H5Application           : Started H5Application in 6.185 seconds (JVM running for 7.073)
2022-06-14 13:41:35.334  INFO 27928 --- [http-nio-8088-exec-1] o.a.c.c.C.[Tomcat].[localhost].[/ksh5]   : Initializing Spring DispatcherServlet 'dispatcherServlet'
2022-06-14 13:41:35.334  INFO 27928 --- [http-nio-8088-exec-1] o.s.web.servlet.DispatcherServlet        : Initializing Servlet 'dispatcherServlet'
2022-06-14 13:41:35.337  INFO 27928 --- [http-nio-8088-exec-1] o.s.web.servlet.DispatcherServlet        : Completed initialization in 2 ms
2022-06-14 13:41:35.362  INFO 27928 --- [http-nio-8088-exec-1] com.lianzheng.h5.common.WebLogAspect     : ================================>
2022-06-14 13:41:35.363  INFO 27928 --- [http-nio-8088-exec-1] com.lianzheng.h5.common.WebLogAspect     : 路径 : http://192.168.20.23:8088/ksh5/user/login_accounts
2022-06-14 13:41:35.364  INFO 27928 --- [http-nio-8088-exec-1] com.lianzheng.h5.common.WebLogAspect     : 请求头 : x-forwarded-host:192.168.20.28:8080,x-forwarded-proto:http,x-forwarded-port:8080,x-forwarded-for:192.168.20.28,accept-language:zh-CN,zh;q=0.9,accept-encoding:gzip, deflate,referer:http://192.168.20.28:8080/ApproveLogin,origin:http://192.168.20.28:8080,content-type:application/x-www-form-urlencoded;charset=UTF-8,token:null,user-agent:Mozilla/5.0 (iPhone; CPU iPhone OS 11_0 like Mac OS X) AppleWebKit/604.1.38 (KHTML, like Gecko) Version/11.0 Mobile/15A372 Safari/604.1 wechatdevtools/1.06.2206090 MicroMessenger/8.0.5 Language/zh_CN webview/16551344972006144 webdebugger port/47362 token/ff3787639f892b04de989ec3985ecea6,accept:application/json, text/plain, */*,content-length:12,connection:close,host:192.168.20.23:8088,
2022-06-14 13:41:35.364  INFO 27928 --- [http-nio-8088-exec-1] com.lianzheng.h5.common.WebLogAspect     : 参数 : [, ]
2022-06-14 13:41:35.896  INFO 27928 --- [http-nio-8088-exec-1] com.lianzheng.h5.helper.WxHelper         : jsonData>>>{"errcode":41008,"errmsg":"missing code, rid: 62a81f8f-472f4188-10889ac0"}
2022-06-14 13:41:35.935  INFO 27928 --- [http-nio-8088-exec-1] com.lianzheng.h5.common.WebLogAspect     : 结果 : {"code":4000,"data":"null","msg": "微信授权失败"}
2022-06-14 13:41:35.936  INFO 27928 --- [http-nio-8088-exec-1] com.lianzheng.h5.common.WebLogAspect     : ================================>
2022-06-14 13:41:38.254  INFO 27928 --- [http-nio-8088-exec-2] com.lianzheng.h5.common.WebLogAspect     : ================================>
2022-06-14 13:41:38.254  INFO 27928 --- [http-nio-8088-exec-2] com.lianzheng.h5.common.WebLogAspect     : 路径 : http://192.168.20.23:8088/ksh5/user/login_accounts
2022-06-14 13:41:38.255  INFO 27928 --- [http-nio-8088-exec-2] com.lianzheng.h5.common.WebLogAspect     : 请求头 : x-forwarded-host:192.168.20.28:8080,x-forwarded-proto:http,x-forwarded-port:8080,x-forwarded-for:192.168.20.28,accept-language:zh-CN,zh;q=0.9,accept-encoding:gzip, deflate,referer:http://192.168.20.28:8080/ApproveLogin?code=061BW30008EZ0O1E0n300omdB40BW30F&state=STATE,origin:http://192.168.20.28:8080,content-type:application/x-www-form-urlencoded;charset=UTF-8,token:null,user-agent:Mozilla/5.0 (iPhone; CPU iPhone OS 11_0 like Mac OS X) AppleWebKit/604.1.38 (KHTML, like Gecko) Version/11.0 Mobile/15A372 Safari/604.1 wechatdevtools/1.06.2206090 MicroMessenger/8.0.5 Language/zh_CN webview/16551344972006144 webdebugger port/47362 token/ff3787639f892b04de989ec3985ecea6,accept:application/json, text/plain, */*,content-length:45,connection:close,host:192.168.20.23:8088,
2022-06-14 13:41:38.255  INFO 27928 --- [http-nio-8088-exec-2] com.lianzheng.h5.common.WebLogAspect     : 参数 : [061BW30008EZ0O1E0n300omdB40BW30F, 1]
2022-06-14 13:41:38.396  INFO 27928 --- [http-nio-8088-exec-2] com.lianzheng.h5.helper.WxHelper         : jsonData>>>{"access_token":"57_ZLUBR2dNc_NOBfv00_9utJanLg6KgmFUX67XEhUmJtHK4o6r5fcdVWBMbdkp1_3hdU-IlLahbBEL9vuHnRvqzVfav314IrCsuERciNz62no","expires_in":7200,"refresh_token":"57_K7GhwOpJVNEeLlBGDtNuvyv3XJzmO6C0MglAF6qHPZhNCUOqqIi80l89lgIQUuf6SxDNQVpJUq403LnoUpQewminK-IUuweKBnuqI7mV2rw","openid":"ogCpU6rDbHwyMfGLbOm6AfeevtEM","scope":"snsapi_userinfo"}
2022-06-14 13:41:38.460 ERROR 27928 --- [http-nio-8088-exec-2] c.l.h5.common.GlobalExceptionHandler     : 出现错误, 捕获: >> org.mybatis.spring.MyBatisSystemException: nested exception is org.apache.ibatis.exceptions.PersistenceException: 
### Error querying database.  Cause: com.baomidou.dynamic.datasource.exception.CannotFindDataSourceException: dynamic-datasource can not find primary datasource
### The error may exist in com/lianzheng/h5/mapper/UserNotarizationMapper.java (best guess)
### The error may involve com.lianzheng.h5.mapper.UserNotarizationMapper.selectOne
### The error occurred while executing a query
### Cause: com.baomidou.dynamic.datasource.exception.CannotFindDataSourceException: dynamic-datasource can not find primary datasource
2022-06-14 13:50:08.348  INFO 27928 --- [http-nio-8088-exec-3] com.lianzheng.h5.common.WebLogAspect     : ================================>
2022-06-14 13:50:08.348  INFO 27928 --- [http-nio-8088-exec-3] com.lianzheng.h5.common.WebLogAspect     : 路径 : http://192.168.20.23:8088/ksh5/user/login_accounts
2022-06-14 13:50:08.349  INFO 27928 --- [http-nio-8088-exec-3] com.lianzheng.h5.common.WebLogAspect     : 请求头 : x-forwarded-host:192.168.20.28:8080,x-forwarded-proto:http,x-forwarded-port:8080,x-forwarded-for:192.168.20.28,accept-language:zh-CN,zh;q=0.9,accept-encoding:gzip, deflate,referer:http://192.168.20.28:8080/ApproveLogin,origin:http://192.168.20.28:8080,content-type:application/x-www-form-urlencoded;charset=UTF-8,token:null,user-agent:Mozilla/5.0 (iPhone; CPU iPhone OS 11_0 like Mac OS X) AppleWebKit/604.1.38 (KHTML, like Gecko) Version/11.0 Mobile/15A372 Safari/604.1 wechatdevtools/1.06.2206090 MicroMessenger/8.0.5 Language/zh_CN webview/16551344972006144 webdebugger port/47362 token/ff3787639f892b04de989ec3985ecea6,accept:application/json, text/plain, */*,content-length:12,connection:close,host:192.168.20.23:8088,
2022-06-14 13:50:08.349  INFO 27928 --- [http-nio-8088-exec-3] com.lianzheng.h5.common.WebLogAspect     : 参数 : [, ]
2022-06-14 13:50:08.464  INFO 27928 --- [http-nio-8088-exec-3] com.lianzheng.h5.helper.WxHelper         : jsonData>>>{"errcode":41008,"errmsg":"missing code, rid: 62a82190-581ff855-7d6d893a"}
2022-06-14 13:50:08.465  INFO 27928 --- [http-nio-8088-exec-3] com.lianzheng.h5.common.WebLogAspect     : 结果 : {"code":4000,"data":"null","msg": "微信授权失败"}
2022-06-14 13:50:08.465  INFO 27928 --- [http-nio-8088-exec-3] com.lianzheng.h5.common.WebLogAspect     : ================================>
2022-06-14 13:50:11.444  INFO 27928 --- [http-nio-8088-exec-4] com.lianzheng.h5.common.WebLogAspect     : ================================>
2022-06-14 13:50:11.445  INFO 27928 --- [http-nio-8088-exec-4] com.lianzheng.h5.common.WebLogAspect     : 路径 : http://192.168.20.23:8088/ksh5/user/login_accounts
2022-06-14 13:50:11.445  INFO 27928 --- [http-nio-8088-exec-4] com.lianzheng.h5.common.WebLogAspect     : 请求头 : x-forwarded-host:192.168.20.28:8080,x-forwarded-proto:http,x-forwarded-port:8080,x-forwarded-for:192.168.20.28,accept-language:zh-CN,zh;q=0.9,accept-encoding:gzip, deflate,referer:http://192.168.20.28:8080/ApproveLogin?code=061vph0w307EGY2jXi0w3KZKBP1vph0N&state=STATE,origin:http://192.168.20.28:8080,content-type:application/x-www-form-urlencoded;charset=UTF-8,token:null,user-agent:Mozilla/5.0 (iPhone; CPU iPhone OS 11_0 like Mac OS X) AppleWebKit/604.1.38 (KHTML, like Gecko) Version/11.0 Mobile/15A372 Safari/604.1 wechatdevtools/1.06.2206090 MicroMessenger/8.0.5 Language/zh_CN webview/16551344972006144 webdebugger port/47362 token/ff3787639f892b04de989ec3985ecea6,accept:application/json, text/plain, */*,content-length:45,connection:close,host:192.168.20.23:8088,
2022-06-14 13:50:11.445  INFO 27928 --- [http-nio-8088-exec-4] com.lianzheng.h5.common.WebLogAspect     : 参数 : [061vph0w307EGY2jXi0w3KZKBP1vph0N, 1]
2022-06-14 13:50:11.544  INFO 27928 --- [http-nio-8088-exec-4] com.lianzheng.h5.helper.WxHelper         : jsonData>>>{"access_token":"57_Hj6EOt0rqFSOnx52oOCQnq8j9X02Ydrkz5rNd0QSIh-R-PAnUJi1u3YtoiqE_Yq5eggQRMGwO_R5R8szyFkNCmk_A8J67AhPzjQbPPHAW7I","expires_in":7200,"refresh_token":"57_fJ6oVGLYX6otNsisp51plu27YrrPJJ5MXR9kDGxQ_RnZQqB-EQkvS6Lh_qWS3kpvAdPD2B0O4hJ7DNProtIslPB-k8CSiZsP8IpIhpI210U","openid":"ogCpU6rDbHwyMfGLbOm6AfeevtEM","scope":"snsapi_userinfo"}
2022-06-14 13:50:11.546 ERROR 27928 --- [http-nio-8088-exec-4] c.l.h5.common.GlobalExceptionHandler     : 出现错误, 捕获: >> org.mybatis.spring.MyBatisSystemException: nested exception is org.apache.ibatis.exceptions.PersistenceException: 
### Error querying database.  Cause: com.baomidou.dynamic.datasource.exception.CannotFindDataSourceException: dynamic-datasource can not find primary datasource
### The error may exist in com/lianzheng/h5/mapper/UserNotarizationMapper.java (best guess)
### The error may involve com.lianzheng.h5.mapper.UserNotarizationMapper.selectOne
### The error occurred while executing a query
### Cause: com.baomidou.dynamic.datasource.exception.CannotFindDataSourceException: dynamic-datasource can not find primary datasource
2022-06-14 13:50:27.204  INFO 27928 --- [http-nio-8088-exec-5] com.lianzheng.h5.common.WebLogAspect     : ================================>
2022-06-14 13:50:27.204  INFO 27928 --- [http-nio-8088-exec-5] com.lianzheng.h5.common.WebLogAspect     : 路径 : http://192.168.20.23:8088/ksh5/user/getPhoneCode
2022-06-14 13:50:27.205  INFO 27928 --- [http-nio-8088-exec-5] com.lianzheng.h5.common.WebLogAspect     : 请求头 : x-forwarded-host:192.168.20.28:8080,x-forwarded-proto:http,x-forwarded-port:8080,x-forwarded-for:192.168.20.28,accept-language:zh-CN,zh;q=0.9,accept-encoding:gzip, deflate,referer:http://192.168.20.28:8080/ApproveLogin?code=061vph0w307EGY2jXi0w3KZKBP1vph0N&state=STATE,origin:http://192.168.20.28:8080,content-type:application/x-www-form-urlencoded;charset=UTF-8,token:null,user-agent:Mozilla/5.0 (iPhone; CPU iPhone OS 11_0 like Mac OS X) AppleWebKit/604.1.38 (KHTML, like Gecko) Version/11.0 Mobile/15A372 Safari/604.1 wechatdevtools/1.06.2206090 MicroMessenger/8.0.5 Language/zh_CN webview/16551344972006144 webdebugger port/47362 token/ff3787639f892b04de989ec3985ecea6,accept:application/json, text/plain, */*,content-length:17,connection:close,host:192.168.20.23:8088,
2022-06-14 13:50:27.206  INFO 27928 --- [http-nio-8088-exec-5] com.lianzheng.h5.common.WebLogAspect     : 参数 : [13279365860]
2022-06-14 13:50:29.256 ERROR 27928 --- [http-nio-8088-exec-5] c.l.h5.common.GlobalExceptionHandler     : 出现错误, 捕获: >> org.springframework.web.client.ResourceAccessException: I/O error on POST request for "http://127.0.0.1:9103/message/message/send": Connection refused: connect; nested exception is java.net.ConnectException: Connection refused: connect
2022-06-14 13:52:43.877  INFO 24004 --- [main] com.lianzheng.h5.H5Application           : Starting H5Application using Java 1.8.0_301 on DESKTOP-R7KS5QR with PID 24004 (C:\Users\86139\IdeaProjects\policy_certificate_service_new\com.lianzheng.h5\target\classes started by 86139 in C:\Users\86139\IdeaProjects\policy_certificate_service_new)
2022-06-14 13:52:43.884  INFO 24004 --- [main] com.lianzheng.h5.H5Application           : The following profiles are active: dev
2022-06-14 13:52:44.970  INFO 24004 --- [main] .s.d.r.c.RepositoryConfigurationDelegate : Multiple Spring Data modules found, entering strict repository configuration mode!
2022-06-14 13:52:44.972  INFO 24004 --- [main] .s.d.r.c.RepositoryConfigurationDelegate : Bootstrapping Spring Data Redis repositories in DEFAULT mode.
2022-06-14 13:52:45.030  INFO 24004 --- [main] .s.d.r.c.RepositoryConfigurationDelegate : Finished Spring Data repository scanning in 46 ms. Found 0 Redis repository interfaces.
2022-06-14 13:52:45.856  INFO 24004 --- [main] o.s.b.w.embedded.tomcat.TomcatWebServer  : Tomcat initialized with port(s): 8088 (http)
2022-06-14 13:52:45.867  INFO 24004 --- [main] o.apache.catalina.core.StandardService   : Starting service [Tomcat]
2022-06-14 13:52:45.867  INFO 24004 --- [main] org.apache.catalina.core.StandardEngine  : Starting Servlet engine: [Apache Tomcat/9.0.52]
2022-06-14 13:52:46.010  INFO 24004 --- [main] o.a.c.c.C.[Tomcat].[localhost].[/ksh5]   : Initializing Spring embedded WebApplicationContext
2022-06-14 13:52:46.011  INFO 24004 --- [main] w.s.c.ServletWebServerApplicationContext : Root WebApplicationContext: initialization completed in 2066 ms
2022-06-14 13:52:48.967  INFO 24004 --- [main] o.s.b.w.embedded.tomcat.TomcatWebServer  : Tomcat started on port(s): 8088 (http) with context path '/ksh5'
2022-06-14 13:52:49.213  INFO 24004 --- [main] com.lianzheng.h5.H5Application           : Started H5Application in 5.9 seconds (JVM running for 6.727)
2022-06-14 13:53:04.128  INFO 24004 --- [http-nio-8088-exec-1] o.a.c.c.C.[Tomcat].[localhost].[/ksh5]   : Initializing Spring DispatcherServlet 'dispatcherServlet'
2022-06-14 13:53:04.129  INFO 24004 --- [http-nio-8088-exec-1] o.s.web.servlet.DispatcherServlet        : Initializing Servlet 'dispatcherServlet'
2022-06-14 13:53:04.131  INFO 24004 --- [http-nio-8088-exec-1] o.s.web.servlet.DispatcherServlet        : Completed initialization in 2 ms
2022-06-14 13:53:04.161  INFO 24004 --- [http-nio-8088-exec-1] com.lianzheng.h5.common.WebLogAspect     : ================================>
2022-06-14 13:53:04.162  INFO 24004 --- [http-nio-8088-exec-1] com.lianzheng.h5.common.WebLogAspect     : 路径 : http://192.168.20.23:8088/ksh5/user/login_accounts
2022-06-14 13:53:04.163  INFO 24004 --- [http-nio-8088-exec-1] com.lianzheng.h5.common.WebLogAspect     : 请求头 : x-forwarded-host:192.168.20.28:8080,x-forwarded-proto:http,x-forwarded-port:8080,x-forwarded-for:192.168.20.28,accept-language:zh-CN,zh;q=0.9,accept-encoding:gzip, deflate,referer:http://192.168.20.28:8080/ApproveLogin,origin:http://192.168.20.28:8080,content-type:application/x-www-form-urlencoded;charset=UTF-8,token:null,user-agent:Mozilla/5.0 (iPhone; CPU iPhone OS 11_0 like Mac OS X) AppleWebKit/604.1.38 (KHTML, like Gecko) Version/11.0 Mobile/15A372 Safari/604.1 wechatdevtools/1.06.2206090 MicroMessenger/8.0.5 Language/zh_CN webview/16551344972006144 webdebugger port/47362 token/ff3787639f892b04de989ec3985ecea6,accept:application/json, text/plain, */*,content-length:12,connection:close,host:192.168.20.23:8088,
2022-06-14 13:53:04.163  INFO 24004 --- [http-nio-8088-exec-1] com.lianzheng.h5.common.WebLogAspect     : 参数 : [, ]
2022-06-14 13:53:04.671  INFO 24004 --- [http-nio-8088-exec-1] com.lianzheng.h5.helper.WxHelper         : jsonData>>>{"errcode":41008,"errmsg":"missing code, rid: 62a82240-1ce44c25-33432b55"}
2022-06-14 13:53:04.708  INFO 24004 --- [http-nio-8088-exec-1] com.lianzheng.h5.common.WebLogAspect     : 结果 : {"code":4000,"data":"null","msg": "微信授权失败"}
2022-06-14 13:53:04.708  INFO 24004 --- [http-nio-8088-exec-1] com.lianzheng.h5.common.WebLogAspect     : ================================>
2022-06-14 13:53:07.227  INFO 24004 --- [http-nio-8088-exec-2] com.lianzheng.h5.common.WebLogAspect     : ================================>
2022-06-14 13:53:07.228  INFO 24004 --- [http-nio-8088-exec-2] com.lianzheng.h5.common.WebLogAspect     : 路径 : http://192.168.20.23:8088/ksh5/user/login_accounts
2022-06-14 13:53:07.229  INFO 24004 --- [http-nio-8088-exec-2] com.lianzheng.h5.common.WebLogAspect     : 请求头 : x-forwarded-host:192.168.20.28:8080,x-forwarded-proto:http,x-forwarded-port:8080,x-forwarded-for:192.168.20.28,accept-language:zh-CN,zh;q=0.9,accept-encoding:gzip, deflate,referer:http://192.168.20.28:8080/ApproveLogin?code=011GJ61w3KAtHY2Vyi4w3TDRFp4GJ61n&state=STATE,origin:http://192.168.20.28:8080,content-type:application/x-www-form-urlencoded;charset=UTF-8,token:null,user-agent:Mozilla/5.0 (iPhone; CPU iPhone OS 11_0 like Mac OS X) AppleWebKit/604.1.38 (KHTML, like Gecko) Version/11.0 Mobile/15A372 Safari/604.1 wechatdevtools/1.06.2206090 MicroMessenger/8.0.5 Language/zh_CN webview/16551344972006144 webdebugger port/47362 token/ff3787639f892b04de989ec3985ecea6,accept:application/json, text/plain, */*,content-length:45,connection:close,host:192.168.20.23:8088,
2022-06-14 13:53:07.229  INFO 24004 --- [http-nio-8088-exec-2] com.lianzheng.h5.common.WebLogAspect     : 参数 : [011GJ61w3KAtHY2Vyi4w3TDRFp4GJ61n, 1]
2022-06-14 13:53:07.338  INFO 24004 --- [http-nio-8088-exec-2] com.lianzheng.h5.helper.WxHelper         : jsonData>>>{"access_token":"57_1djtbviWLPO63ngYGtEqo_c3m-MsIAf3p6rbTroDcBMMjoWHklMF2oPpm5QE7dvQqfMmaxR-LjySM-mU6HsyKU_7N8bCvvr8nLYRw3bXHzA","expires_in":7200,"refresh_token":"57_Q2GBp3G6EyGb_YRd4qeNEZ-_tViU4I8CDJiLySa2SRv4hpi-Puib7zIqsX3_Doe8IGqqXVwejzFD2030kxyCe6n_G9NkyNJGlk_7E6dwgtk","openid":"ogCpU6rDbHwyMfGLbOm6AfeevtEM","scope":"snsapi_userinfo"}
2022-06-14 13:53:07.386  INFO 24004 --- [http-nio-8088-exec-2] com.zaxxer.hikari.HikariDataSource       : HikariPool-1 - Starting...
2022-06-14 13:53:07.520  INFO 24004 --- [http-nio-8088-exec-2] com.zaxxer.hikari.HikariDataSource       : HikariPool-1 - Start completed.
2022-06-14 13:53:07.564  INFO 24004 --- [http-nio-8088-exec-2] com.lianzheng.h5.common.WebLogAspect     : 结果 : {"code":233,"data":"{"openid":"ogCpU6rDbHwyMfGLbOm6AfeevtEM"}","msg": "请注册或登录"}
2022-06-14 13:53:07.564  INFO 24004 --- [http-nio-8088-exec-2] com.lianzheng.h5.common.WebLogAspect     : ================================>
2022-06-14 13:58:19.302  INFO 24004 --- [http-nio-8088-exec-3] com.lianzheng.h5.common.WebLogAspect     : ================================>
2022-06-14 13:58:19.302  INFO 24004 --- [http-nio-8088-exec-3] com.lianzheng.h5.common.WebLogAspect     : 路径 : http://192.168.20.23:8088/ksh5/user/login_accounts
2022-06-14 13:58:19.303  INFO 24004 --- [http-nio-8088-exec-3] com.lianzheng.h5.common.WebLogAspect     : 请求头 : x-forwarded-host:192.168.20.28:8080,x-forwarded-proto:http,x-forwarded-port:8080,x-forwarded-for:192.168.20.28,accept-language:zh-CN,zh;q=0.9,accept-encoding:gzip, deflate,referer:http://192.168.20.28:8080/ApproveLogin?code=011GJ61w3KAtHY2Vyi4w3TDRFp4GJ61n&state=STATE,origin:http://192.168.20.28:8080,content-type:application/x-www-form-urlencoded;charset=UTF-8,token:null,user-agent:Mozilla/5.0 (iPhone; CPU iPhone OS 11_0 like Mac OS X) AppleWebKit/604.1.38 (KHTML, like Gecko) Version/11.0 Mobile/15A372 Safari/604.1 wechatdevtools/1.06.2206090 MicroMessenger/8.0.5 Language/zh_CN webview/16551344972006144 webdebugger port/47362 token/ff3787639f892b04de989ec3985ecea6,accept:application/json, text/plain, */*,content-length:45,connection:close,host:192.168.20.23:8088,
2022-06-14 13:58:19.303  INFO 24004 --- [http-nio-8088-exec-3] com.lianzheng.h5.common.WebLogAspect     : 参数 : [011GJ61w3KAtHY2Vyi4w3TDRFp4GJ61n, 1]
2022-06-14 13:58:19.455  INFO 24004 --- [http-nio-8088-exec-3] com.lianzheng.h5.helper.WxHelper         : jsonData>>>{"errcode":40163,"errmsg":"code been used, rid: 62a8237b-2920fafb-4dd3dab6"}
2022-06-14 13:58:19.456  INFO 24004 --- [http-nio-8088-exec-3] com.lianzheng.h5.common.WebLogAspect     : 结果 : {"code":4000,"data":"null","msg": "微信授权失败"}
2022-06-14 13:58:19.456  INFO 24004 --- [http-nio-8088-exec-3] com.lianzheng.h5.common.WebLogAspect     : ================================>
2022-06-14 16:04:42.001  INFO 29316 --- [main] com.lianzheng.h5.H5Application           : Starting H5Application using Java 1.8.0_301 on DESKTOP-R7KS5QR with PID 29316 (C:\Users\86139\IdeaProjects\policy_certificate_service_new\com.lianzheng.h5\target\classes started by 86139 in C:\Users\86139\IdeaProjects\policy_certificate_service_new)
2022-06-14 16:04:42.009  INFO 29316 --- [main] com.lianzheng.h5.H5Application           : The following profiles are active: dev
2022-06-14 16:04:43.162  INFO 29316 --- [main] .s.d.r.c.RepositoryConfigurationDelegate : Multiple Spring Data modules found, entering strict repository configuration mode!
2022-06-14 16:04:43.164  INFO 29316 --- [main] .s.d.r.c.RepositoryConfigurationDelegate : Bootstrapping Spring Data Redis repositories in DEFAULT mode.
2022-06-14 16:04:43.223  INFO 29316 --- [main] .s.d.r.c.RepositoryConfigurationDelegate : Finished Spring Data repository scanning in 45 ms. Found 0 Redis repository interfaces.
2022-06-14 16:04:43.734  INFO 29316 --- [main] trationDelegate$BeanPostProcessorChecker : Bean 'spring.datasource.dynamic-com.baomidou.dynamic.datasource.spring.boot.autoconfigure.DynamicDataSourceProperties' of type [com.baomidou.dynamic.datasource.spring.boot.autoconfigure.DynamicDataSourceProperties] is not eligible for getting processed by all BeanPostProcessors (for example: not eligible for auto-proxying)
2022-06-14 16:04:43.742  INFO 29316 --- [main] trationDelegate$BeanPostProcessorChecker : Bean 'com.baomidou.dynamic.datasource.spring.boot.autoconfigure.DynamicDataSourceAutoConfiguration' of type [com.baomidou.dynamic.datasource.spring.boot.autoconfigure.DynamicDataSourceAutoConfiguration$$EnhancerBySpringCGLIB$$d7d576df] is not eligible for getting processed by all BeanPostProcessors (for example: not eligible for auto-proxying)
2022-06-14 16:04:43.759  INFO 29316 --- [main] trationDelegate$BeanPostProcessorChecker : Bean 'dsProcessor' of type [com.baomidou.dynamic.datasource.processor.DsHeaderProcessor] is not eligible for getting processed by all BeanPostProcessors (for example: not eligible for auto-proxying)
2022-06-14 16:04:44.094  INFO 29316 --- [main] o.s.b.w.embedded.tomcat.TomcatWebServer  : Tomcat initialized with port(s): 8088 (http)
2022-06-14 16:04:44.104  INFO 29316 --- [main] o.apache.catalina.core.StandardService   : Starting service [Tomcat]
2022-06-14 16:04:44.104  INFO 29316 --- [main] org.apache.catalina.core.StandardEngine  : Starting Servlet engine: [Apache Tomcat/9.0.52]
2022-06-14 16:04:44.253  INFO 29316 --- [main] o.a.c.c.C.[Tomcat].[localhost].[/ksh5]   : Initializing Spring embedded WebApplicationContext
2022-06-14 16:04:44.253  INFO 29316 --- [main] w.s.c.ServletWebServerApplicationContext : Root WebApplicationContext: initialization completed in 2169 ms
2022-06-14 16:04:44.672  INFO 29316 --- [main] com.zaxxer.hikari.HikariDataSource       : h5 - Starting...
2022-06-14 16:04:44.781  INFO 29316 --- [main] com.zaxxer.hikari.HikariDataSource       : h5 - Start completed.
2022-06-14 16:04:44.782  INFO 29316 --- [main] com.zaxxer.hikari.HikariDataSource       : mgmt - Starting...
2022-06-14 16:04:44.795  INFO 29316 --- [main] com.zaxxer.hikari.HikariDataSource       : mgmt - Start completed.
2022-06-14 16:04:44.795  INFO 29316 --- [main] c.b.d.d.DynamicRoutingDataSource         : dynamic-datasource - add a datasource named [h5] success
2022-06-14 16:04:44.796  INFO 29316 --- [main] c.b.d.d.DynamicRoutingDataSource         : dynamic-datasource - add a datasource named [mgmt] success
2022-06-14 16:04:44.796  INFO 29316 --- [main] c.b.d.d.DynamicRoutingDataSource         : dynamic-datasource initial loaded [2] datasource,primary datasource named [h5]
2022-06-14 16:04:47.565  INFO 29316 --- [main] o.s.b.w.embedded.tomcat.TomcatWebServer  : Tomcat started on port(s): 8088 (http) with context path '/ksh5'
2022-06-14 16:04:47.811  INFO 29316 --- [main] com.lianzheng.h5.H5Application           : Started H5Application in 6.409 seconds (JVM running for 7.602)
2022-06-14 16:04:51.998  INFO 29316 --- [http-nio-8088-exec-1] o.a.c.c.C.[Tomcat].[localhost].[/ksh5]   : Initializing Spring DispatcherServlet 'dispatcherServlet'
2022-06-14 16:04:51.999  INFO 29316 --- [http-nio-8088-exec-1] o.s.web.servlet.DispatcherServlet        : Initializing Servlet 'dispatcherServlet'
2022-06-14 16:04:52.001  INFO 29316 --- [http-nio-8088-exec-1] o.s.web.servlet.DispatcherServlet        : Completed initialization in 2 ms
2022-06-14 16:04:52.044 ERROR 29316 --- [http-nio-8088-exec-1] c.l.h5.common.GlobalExceptionHandler     : 出现错误, 捕获: >> CustomException(code=401, msg=请选择所处公证处)
2022-06-14 16:05:01.318  INFO 29316 --- [http-nio-8088-exec-3] com.lianzheng.h5.common.WebLogAspect     : ================================>
2022-06-14 16:05:01.319  INFO 29316 --- [http-nio-8088-exec-3] com.lianzheng.h5.common.WebLogAspect     : 路径 : http://localhost:8088/ksh5/ocr/checkFace
2022-06-14 16:05:01.321  INFO 29316 --- [http-nio-8088-exec-3] com.lianzheng.h5.common.WebLogAspect     : 请求头 : token:eyJ0eXAiOiJKV1QiLCJhbGciOiJIUzI1NiJ9.eyJhdWQiOiIyMTEyMDcxNjUwNDkwMTEiLCJ1c2VybmFtZSI6Iua1i-ivleWnlOaJmCJ9.JzI1U1pHnC8cQQh-XV8ym8j-2423UaUvIz9cEbsLtn0,index:1,user-agent:PostmanRuntime/7.29.0,accept:*/*,postman-token:31181e9f-ba2e-46be-98c3-7c569989e157,host:localhost:8088,accept-encoding:gzip, deflate, br,connection:keep-alive,content-type:multipart/form-data; boundary=--------------------------554968824466394196691174,content-length:93673,
2022-06-14 16:05:01.321  INFO 29316 --- [http-nio-8088-exec-3] com.lianzheng.h5.common.WebLogAspect     : 参数 : [CheckFaceDTO(name=陆超, cardNo=320586199811010513, faceImgFile=org.springframework.web.multipart.support.StandardMultipartHttpServletRequest$StandardMultipartFile@1ea6e75)]
2022-06-14 16:05:04.739 ERROR 29316 --- [http-nio-8088-exec-3] c.l.h5.common.GlobalExceptionHandler     : 出现错误, 捕获: >> com.lianzheng.core.server.exception.RRException: 人脸比对失败！
